Build started 20/08/2017 23:46:24.
     1>Project "C:\Users\Marineide\Desktop\BRUNO\projetos\AVL\AVL\AVL.vcxproj" on node 2 (Build target(s)).
     1>ClCompile:
         C:\Program Files (x86)\Microsoft Visual Studio 12.0\VC\bin\CL.exe /c /ZI /nologo /W3 /WX- /Od /Oy- /D WIN32 /D _DEBUG /D _CONSOLE /D _LIB /D _UNICODE /D UNICODE /Gm /EHsc /RTC1 /MDd /GS /fp:precise /Zc:wchar_t /Zc:forScope /Fo"Debug\\" /Fd"Debug\vc120.pdb" /Gd /TC /analyze- /errorReport:prompt arvore.c principal.c
         principal.c
     1>c:\users\marineide\desktop\bruno\projetos\avl\avl\principal.c(10): warning C4996: 'scanf': This function or variable may be unsafe. Consider using scanf_s instead. To disable deprecation, use _CRT_SECURE_NO_WARNINGS. See online help for details.
                 c:\program files (x86)\microsoft visual studio 12.0\vc\include\stdio.h(283) : see declaration of 'scanf'
     1>c:\users\marineide\desktop\bruno\projetos\avl\avl\principal.c(14): warning C4996: 'scanf': This function or variable may be unsafe. Consider using scanf_s instead. To disable deprecation, use _CRT_SECURE_NO_WARNINGS. See online help for details.
                 c:\program files (x86)\microsoft visual studio 12.0\vc\include\stdio.h(283) : see declaration of 'scanf'
     1>c:\users\marineide\desktop\bruno\projetos\avl\avl\principal.c(24): warning C4996: 'scanf': This function or variable may be unsafe. Consider using scanf_s instead. To disable deprecation, use _CRT_SECURE_NO_WARNINGS. See online help for details.
                 c:\program files (x86)\microsoft visual studio 12.0\vc\include\stdio.h(283) : see declaration of 'scanf'
         arvore.c
     1>c:\users\marineide\desktop\bruno\projetos\avl\avl\arvore.c(33): warning C4013: 'malloc' undefined; assuming extern returning int
     1>c:\users\marineide\desktop\bruno\projetos\avl\avl\arvore.c(166): warning C4047: 'function' : 'ARV *' differs in levels of indirection from 'ARV ***'
     1>c:\users\marineide\desktop\bruno\projetos\avl\avl\arvore.c(166): warning C4024: 'buscaR' : different types for formal and actual parameter 1
     1>c:\users\marineide\desktop\bruno\projetos\avl\avl\arvore.c(172): warning C4013: 'free' undefined; assuming extern returning int
         Generating Code...
     1>c:\users\marineide\desktop\bruno\projetos\avl\avl\arvore.c(252): warning C4715: 'remover' : not all control paths return a value
       Link:
         C:\Program Files (x86)\Microsoft Visual Studio 12.0\VC\bin\link.exe /ERRORREPORT:PROMPT /OUT:"C:\Users\Marineide\Desktop\BRUNO\projetos\AVL\Debug\AVL.exe" /INCREMENTAL /NOLOGO kernel32.lib user32.lib gdi32.lib winspool.lib comdlg32.lib advapi32.lib shell32.lib ole32.lib oleaut32.lib uuid.lib odbc32.lib odbccp32.lib /MANIFEST /MANIFESTUAC:"level='asInvoker' uiAccess='false'" /manifest:embed /DEBUG /PDB:"C:\Users\Marineide\Desktop\BRUNO\projetos\AVL\Debug\AVL.pdb" /SUBSYSTEM:CONSOLE /TLBID:1 /DYNAMICBASE /NXCOMPAT /IMPLIB:"C:\Users\Marineide\Desktop\BRUNO\projetos\AVL\Debug\AVL.lib" /MACHINE:X86 Debug\arvore.obj
         Debug\principal.obj
         AVL.vcxproj -> C:\Users\Marineide\Desktop\BRUNO\projetos\AVL\Debug\AVL.exe
     1>Done Building Project "C:\Users\Marineide\Desktop\BRUNO\projetos\AVL\AVL\AVL.vcxproj" (Build target(s)).

Build succeeded.

Time Elapsed 00:00:02.63
